        -:    0:Source:src/crypt.c
        -:    1:// FILE NAME  : crypt.c
        -:    2:// AUTHOR     : Rafael Garibotti
        -:    3:// DEVELOPERS : Rafael Garibotti
        -:    4:// E-mail     : rafael.garibotti@pucrs.br
        -:    5://-----------------------------------------------------------------------------
        -:    6:// RELEASE HISTORY
        -:    7:// VERSION   DATE         DESCRIPTION
        -:    8:// 1.0       2021-06-08   Initial version.
        -:    9://-----------------------------------------------------------------------------
        -:   10:
        -:   11:#include "crypt.h"
        -:   12:
        -:   13://-----------------------------------------------------------------------------
        -:   14:// CRYPT
        -:   15://-----------------------------------------------------------------------------
        -:   16:void
function crypt called 14 returned 100% blocks executed 100%
       14:   17:crypt(uint32_t* key, uint32_t* input, uint8_t type, uint8_t enc_dec, uint32_t* output) {
       14:   18:  switch (type) {
       14:   18-block  0
branch  0 taken 14%
branch  1 taken 43%
branch  2 taken 43%
branch  3 taken 0%
        2:   19:    case 0       : xtea(key, input, enc_dec, output); break;
        2:   19-block  0
call    0 returned 100%
        6:   20:	case 1 ... 3 : aes(key, input, type, enc_dec, output); break;
        6:   20-block  0
call    0 returned 100%
        6:   21:	case 4 ... 7 : blowfish_128(key, input, type, enc_dec, output); break;
        6:   21-block  0
call    0 returned 100%
        -:   22:  }
       14:   23:}
